2021-01-12 20:21:09,752 INFO Using seed 1234.
2021-01-12 20:21:09,754 INFO Using double precision.
2021-01-12 20:21:09,757 INFO Generating triples.
2021-01-12 20:21:09,978 INFO Total of 166650 triples
2021-01-12 20:21:12,683 INFO Start training
2021-01-12 20:21:23,905 INFO 	 Epoch 0 | average train loss: 0.896564
2021-01-12 20:21:35,010 INFO 	 Epoch 1 | average train loss: 0.894327
2021-01-12 20:21:35,142 INFO Dasgupta's cost:	291614.8937
2021-01-12 20:22:57,843 INFO Using seed 1234.
2021-01-12 20:22:57,843 INFO Using double precision.
2021-01-12 20:22:57,846 INFO Generating triples.
2021-01-12 20:22:58,065 INFO Total of 166650 triples
2021-01-12 20:23:00,528 INFO Start training
2021-01-12 20:23:11,880 INFO 	 Epoch 0 | average train loss: 0.896564
2021-01-12 20:23:23,203 INFO 	 Epoch 1 | average train loss: 0.894327
2021-01-12 20:23:23,208 INFO Dasgupta's cost:	291614.8937
2021-01-12 20:23:34,670 INFO 	 Epoch 2 | average train loss: 0.894258
2021-01-12 20:23:45,944 INFO 	 Epoch 3 | average train loss: 0.894220
2021-01-12 20:23:45,962 INFO Dasgupta's cost:	291912.8832
2021-01-12 20:24:53,208 INFO Using seed 1234.
2021-01-12 20:24:53,209 INFO Using double precision.
2021-01-12 20:24:53,212 INFO Generating triples.
2021-01-12 20:24:53,442 INFO Total of 166650 triples
2021-01-12 20:24:55,910 INFO Start training
2021-01-12 20:25:06,781 INFO 	 Epoch 0 | average train loss: 0.896564
2021-01-12 20:25:17,805 INFO 	 Epoch 1 | average train loss: 0.894327
2021-01-12 20:25:17,961 INFO Dasgupta's cost:	291614.8937
2021-01-12 20:25:29,016 INFO 	 Epoch 2 | average train loss: 0.894258
2021-01-12 20:25:39,886 INFO 	 Epoch 3 | average train loss: 0.894220
2021-01-12 20:25:39,904 INFO Dasgupta's cost:	291912.8832
2021-01-12 20:25:50,936 INFO 	 Epoch 4 | average train loss: 0.894193
2021-01-12 20:26:01,799 INFO 	 Epoch 5 | average train loss: 0.894178
2021-01-12 20:26:01,817 INFO Dasgupta's cost:	293685.4087
2021-01-12 20:26:12,669 INFO 	 Epoch 6 | average train loss: 0.894157
2021-01-12 20:26:23,651 INFO 	 Epoch 7 | average train loss: 0.894143
2021-01-12 20:26:23,673 INFO Dasgupta's cost:	292074.4999
2021-01-12 20:26:34,688 INFO 	 Epoch 8 | average train loss: 0.894130
2021-01-12 20:26:45,691 INFO 	 Epoch 9 | average train loss: 0.894126
2021-01-12 20:26:45,711 INFO Dasgupta's cost:	292359.7196
2021-01-12 20:26:56,477 INFO 	 Epoch 10 | average train loss: 0.894119
