2021-02-24 12:51:00,154 INFO Using seed 0.
2021-02-24 12:51:00,156 INFO Using double precision.
2021-02-24 12:52:39,764 INFO Using seed 0.
2021-02-24 12:52:39,765 INFO Using double precision.
2021-02-24 12:54:35,584 INFO Using seed 0.
2021-02-24 12:54:35,586 INFO Using double precision.
2021-02-24 12:55:00,448 INFO Using seed 0.
2021-02-24 12:55:00,449 INFO Using double precision.
2021-02-24 12:57:55,988 INFO Using seed 0.
2021-02-24 12:57:55,989 INFO Using double precision.
2021-02-24 13:00:10,947 INFO Using seed 0.
2021-02-24 13:00:10,949 INFO Using double precision.
2021-02-24 13:00:57,392 INFO Using seed 0.
2021-02-24 13:00:57,393 INFO Using double precision.
2021-02-24 13:02:25,641 INFO Using seed 0.
2021-02-24 13:02:25,642 INFO Using double precision.
2021-02-24 13:03:07,579 INFO Using seed 0.
2021-02-24 13:03:07,580 INFO Using double precision.
2021-02-24 13:03:44,486 INFO Using seed 0.
2021-02-24 13:03:44,487 INFO Using double precision.
2021-02-24 13:04:11,709 INFO Using seed 0.
2021-02-24 13:04:11,710 INFO Using double precision.
2021-02-24 13:04:46,455 INFO Using seed 0.
2021-02-24 13:04:46,456 INFO Using double precision.
2021-02-24 13:05:27,456 INFO Using seed 0.
2021-02-24 13:05:27,456 INFO Using double precision.
2021-07-26 11:59:45,172 INFO Using seed 0.
2021-07-26 11:59:45,174 INFO Using double precision.
2021-07-26 12:16:35,718 INFO Using seed 0.
2021-07-26 12:16:35,720 INFO Using double precision.
2021-07-26 12:35:07,593 INFO Using seed 0.
2021-07-26 12:35:07,595 INFO Using double precision.
2021-07-26 12:35:43,486 INFO Using seed 0.
2021-07-26 12:35:43,487 INFO Using double precision.
2021-07-26 12:41:04,616 INFO Using seed 0.
2021-07-26 12:41:04,618 INFO Using double precision.
2021-07-26 12:43:48,909 INFO Using seed 0.
2021-07-26 12:43:48,911 INFO Using double precision.
2021-07-26 12:44:18,448 INFO Using seed 0.
2021-07-26 12:44:18,449 INFO Using double precision.
2021-07-26 12:44:47,511 INFO Using seed 0.
2021-07-26 12:44:47,511 INFO Using double precision.
2021-07-26 12:47:39,916 INFO Using seed 0.
2021-07-26 12:47:39,917 INFO Using double precision.
2021-07-26 12:55:00,831 INFO Using seed 0.
2021-07-26 12:55:00,832 INFO Using double precision.
2021-07-26 13:44:23,267 INFO Using seed 0.
2021-07-26 13:44:23,268 INFO Using double precision.
2021-07-26 13:45:47,864 INFO Using seed 0.
2021-07-26 13:45:47,865 INFO Using double precision.
2021-07-26 15:55:22,458 INFO Using seed 0.
2021-07-26 15:55:22,460 INFO Using double precision.
2021-07-26 15:57:33,554 INFO Using seed 0.
2021-07-26 15:57:33,555 INFO Using double precision.
2021-07-26 15:58:24,298 INFO Using seed 0.
2021-07-26 15:58:24,301 INFO Using double precision.
2021-07-26 18:21:08,709 INFO Using seed 0.
2021-07-26 18:21:08,711 INFO Using double precision.
2021-07-26 21:25:57,584 INFO Using seed 0.
2021-07-26 21:25:57,587 INFO Using double precision.
2021-07-27 00:13:12,986 INFO Using seed 0.
2021-07-27 00:13:12,988 INFO Using double precision.
2021-07-27 09:58:51,259 INFO Using seed 0.
2021-07-27 09:58:51,261 INFO Using double precision.
2021-07-27 12:43:25,849 INFO Using seed 0.
2021-07-27 12:43:25,853 INFO Using double precision.
2021-07-27 12:45:23,371 INFO Using seed 0.
2021-07-27 12:45:23,373 INFO Using double precision.
2021-07-27 12:49:19,761 INFO Using seed 0.
2021-07-27 12:49:19,763 INFO Using double precision.
2021-07-27 12:50:54,481 INFO Generating triples.
2021-07-27 12:57:12,730 INFO Using seed 0.
2021-07-27 12:57:12,733 INFO Using double precision.
2021-07-27 13:00:54,068 INFO Generating triples.
2021-07-27 13:11:44,602 INFO Using seed 0.
2021-07-27 13:11:44,604 INFO Using double precision.
2021-07-27 13:12:41,161 INFO Using seed 0.
2021-07-27 13:12:41,163 INFO Using double precision.
2021-07-27 13:15:25,653 INFO Generating triples.
2021-07-27 13:25:50,366 INFO Using seed 0.
2021-07-27 13:25:50,367 INFO Using double precision.
2021-07-27 13:27:22,659 INFO Generating triples.
2021-07-27 13:40:42,465 INFO Using seed 0.
2021-07-27 13:40:42,467 INFO Using double precision.
2021-07-27 13:42:14,720 INFO Generating triples.
2021-07-27 13:43:32,732 INFO Using seed 0.
2021-07-27 13:43:32,734 INFO Using double precision.
2021-07-27 13:47:29,111 INFO Using seed 0.
2021-07-27 13:47:29,113 INFO Using double precision.
2021-07-27 13:48:46,820 INFO Generating triples.
2021-07-27 13:53:48,650 INFO Using seed 0.
2021-07-27 13:53:48,688 INFO Using double precision.
2021-07-27 13:57:29,686 INFO Using seed 0.
2021-07-27 13:57:29,687 INFO Using double precision.
2021-07-27 14:01:35,214 INFO Generating triples.
2021-07-27 14:51:15,801 INFO Using seed 0.
2021-07-27 14:51:15,803 INFO Using double precision.
2021-07-27 14:51:15,803 INFO Generating triples.
2021-07-27 14:55:44,288 INFO Using seed 0.
2021-07-27 14:55:44,290 INFO Using double precision.
2021-07-27 14:55:44,290 INFO Generating triples.
2021-07-27 14:56:46,450 INFO Using seed 0.
2021-07-27 14:56:46,452 INFO Using double precision.
2021-07-27 14:56:46,452 INFO Generating triples.
2021-07-27 15:02:09,066 INFO Using seed 0.
2021-07-27 15:02:09,068 INFO Using double precision.
2021-07-27 15:02:09,068 INFO Generating triples.
2021-07-27 15:14:38,405 INFO Using seed 0.
2021-07-27 15:14:38,407 INFO Using double precision.
2021-07-27 15:14:38,407 INFO Generating triples.
2021-07-27 15:23:03,224 INFO Using seed 0.
2021-07-27 15:23:03,225 INFO Using double precision.
2021-07-27 15:23:03,226 INFO Generating triples.
2021-07-27 15:29:30,007 INFO Total of 100000 triples
2021-07-27 15:32:24,161 INFO Using seed 0.
2021-07-27 15:32:24,163 INFO Using double precision.
2021-07-27 15:32:24,163 INFO Generating triples.
2021-07-27 15:41:27,295 INFO Total of 100000 triples
2021-07-27 15:43:31,098 INFO Using seed 0.
2021-07-27 15:43:31,100 INFO Using double precision.
2021-07-27 15:43:31,100 INFO Generating triples.
2021-07-27 15:51:06,061 INFO Total of 100000 triples
2021-07-27 15:53:46,358 INFO Using seed 0.
2021-07-27 15:53:46,360 INFO Using double precision.
2021-07-27 15:53:46,360 INFO Generating triples.
2021-07-27 16:12:54,146 INFO Total of 100000 triples
2021-07-27 16:14:18,736 INFO Start training
2021-07-27 16:14:26,587 INFO 	 Epoch 0 | average train loss: 1.000006
